
================================================================
======== txAdmin v6.0.2 atop fxserver 6945 Starting - 30/10/2023, 19:11:17
================================================================
[19:11:32][WolfyDev] created admins file
[19:11:46][WolfyDev] Changing global/fxserver settings via setup stepper.
[19:11:53][WolfyDev] Changing fxRunner settings.
[19:12:22][WolfyDev] executed "RESTART SERVER"
[19:12:53][WolfyDev] executed "RESTART SERVER"
[19:13:47][WolfyDev] executed "RESTART SERVER"
[19:14:32][WolfyDev] logged in via in-game ui

================================================================
======== txAdmin v6.0.2 atop fxserver 6945 Starting - 30/10/2023, 19:20:10
================================================================
[19:20:19][WolfyDev] logged in from 127.0.0.1 via citizenfx
[19:21:04][WolfyDev] logged in via in-game ui
[19:26:48][WolfyDev] executed "RESTART SERVER"
[19:27:24][WolfyDev] logged in via in-game ui
[19:32:56][WolfyDev] executed "RESTART SERVER"
[19:33:44][WolfyDev] logged in via in-game ui
[19:42:01][WolfyDev] executed "RESTART SERVER"
[19:43:00][WolfyDev] logged in via in-game ui
[19:45:15][WolfyDev] executed "RESTART SERVER"
[19:45:54][WolfyDev] logged in via in-game ui
[19:46:38][WolfyDev] executed "RESTART SERVER"
[19:47:15][WolfyDev] logged in via in-game ui
[19:50:44][WolfyDev] logged in via in-game ui
[20:53:38][WolfyDev] executed "RESTART SERVER"
[20:54:13][WolfyDev] logged in via in-game ui
[21:23:50][WolfyDev] executed "RESTART SERVER"
[21:24:31][WolfyDev] logged in via in-game ui
[21:29:39][WolfyDev] executed "RESTART SERVER"
[21:30:15][WolfyDev] executed "RESTART SERVER"
[21:30:45][WolfyDev] logged in via in-game ui
[21:45:47][WolfyDev] executed "RESTART SERVER"
[21:46:42][WolfyDev] logged in via in-game ui
[22:08:48][WolfyDev] executed "RESTART SERVER"
[22:09:34][WolfyDev] logged in via in-game ui
