
================================================================
======== txAdmin v6.0.2 atop fxserver 6945 Starting - 31/10/2023, 07:32:37
================================================================

================================================================
======== Log Rotated - 31/10/2023, 07:32:37                     
================================================================
[07:32:44][WolfyDev] logged in from 127.0.0.1 via citizenfx
[07:33:22][WolfyDev] executed "RESTART SERVER"
[07:33:43][WolfyDev] executed "RESTART SERVER"
[07:35:04][WolfyDev] executed "RESTART SERVER"
[07:35:35][WolfyDev] logged in via in-game ui

================================================================
======== txAdmin v6.0.2 atop fxserver 6945 Starting - 31/10/2023, 09:41:15
================================================================
[09:41:53][WolfyDev] logged in via in-game ui
[09:45:35][WolfyDev] logged in from 127.0.0.1 via citizenfx
[09:45:39][WolfyDev] executed "RESTART SERVER"
[09:46:36][WolfyDev] logged in via in-game ui
[10:10:45][WolfyDev] executed "RESTART SERVER"
[10:12:50][WolfyDev] logged in via in-game ui
[11:25:54][WolfyDev] executed "RESTART SERVER"
[11:26:36][WolfyDev] logged in via in-game ui
[11:27:30][WolfyDev] logged in via in-game ui
[14:51:30][WolfyDev] executed "RESTART SERVER"
[14:52:15][WolfyDev] logged in via in-game ui
[15:14:09][WolfyDev] executed "RESTART SERVER"
[15:14:53][WolfyDev] logged in via in-game ui
[15:16:37][WolfyDev] executed "RESTART SERVER"
[15:17:13][WolfyDev] logged in via in-game ui

================================================================
======== txAdmin v6.0.2 atop fxserver 6945 Starting - 31/10/2023, 19:19:22
================================================================
[19:19:46][WolfyDev] logged in from 127.0.0.1 via citizenfx
[19:20:55][WolfyDev] logged in via in-game ui
[19:29:27][WolfyDev] executed "RESTART SERVER"
[19:30:12][WolfyDev] logged in via in-game ui
[19:32:51][WolfyDev] executed "RESTART SERVER"
[19:34:21][WolfyDev] logged in via in-game ui
