
================================================================
======== Log Rotated - 31/10/2023, 07:32:37                     
================================================================

================================================================
======== FXServer Starting - 31/10/2023, 07:32:45               
================================================================
[           resources] Scanning resources.
[           resources] Found 37 resources.
[          svadhesive] Authenticating server license key...
[          svadhesive] Server license key authentication succeeded. Welcome!
[    c-scripting-core] Creating script environments for sessionmanager
[           resources] Started resource sessionmanager
[38;5;161m[    c-scripting-core] Creating script environments for monitor
[      script:monitor] [txAdmin] Resource v6.0.2 threads and commands set up. All Ready.
[           resources] Started resource monitor
[    c-scripting-core] Creating script environments for yarn
[           resources] Started resource yarn
[    c-scripting-core] Creating script environments for webpack
[           resources] Started resource webpack
[    c-scripting-core] Creating script environments for chat
[           resources] Started resource chat
[           resources] Started resource spawnmanager
[    c-scripting-core] Creating script environments for hardcap
[           resources] Started resource hardcap
[    c-scripting-core] [0mCreating script environments for oxmysql
[           resources] Started resource oxmysql
[    c-scripting-core] Creating script environments for es_extended
[           resources] Started resource es_extended
[    c-scripting-core] Creating script environments for cron
[           resources] Started resource cron
[    c-scripting-core] Creating script environments for ox_lib
[           resources] Started resource ox_lib
[    c-scripting-core] Creating script environments for ox_target
[           resources] Started resource ox_target
[    c-scripting-core] Creating script environments for cd_easytime
[           resources] Started resource cd_easytime
[    c-scripting-core] Creating script environments for dolu_tool
[           resources] Started resource dolu_tool
[           resources] Started resource progressbar
[    c-scripting-core] Creating script environments for qs-inventory
[ script:qs-inventory] [WARNING]: Missing webhooks: bought, traphouse, swap, drop, crafting, giveitem, glovebox, stash, garbage, robbery, admin, trunk, sell. Please enable them in server/custom/webhook/*.lua.
[           resources] Started resource qs-inventory
[    c-scripting-core] Creating script environments for qs-shops
[           resources] Started resource qs-shops
[    c-scripting-core] Creating script environments for esx_addonaccount
[           resources] Started resource esx_addonaccount
[ citizen-server-impl] Couldn't find resource esx_addoninventory.
[    c-scripting-core] Creating script environments for esx_banking
[  script:esx_banking] SCRIPT ERROR: @esx_banking/server/main.lua:143: attempt to index a nil value (global 'lib')
[  script:esx_banking] > fn (@esx_banking/server/main.lua:143)
[  script:esx_banking] SCRIPT ERROR: @esx_banking/server/main.lua:15: attempt to index a nil value (global 'BANK')
[  script:esx_banking] > handler (@esx_banking/server/main.lua:15)
[           resources] Started resource esx_banking
[    c-scripting-core] Creating script environments for esx_status
[           resources] Started resource esx_status
[    c-scripting-core] Creating script environments for esx_basicneeds
[           resources] Started resource esx_basicneeds
[    c-scripting-core] Creating script environments for esx_billing
[           resources] Started resource esx_billing
[    c-scripting-core] Creating script environments for esx_datastore
[           resources] Started resource esx_datastore
[    c-scripting-core] Creating script environments for esx_identity
[           resources] Started resource esx_identity
[    c-scripting-core] Creating script environments for esx_license
[           resources] Started resource esx_license
[    c-scripting-core] Creating script environments for esx_optionalneeds
[           resources] Started resource esx_optionalneeds
[           resources] Started resource skinchanger
[    c-scripting-core] Creating script environments for esx_skin
[           resources] Started resource esx_skin
[    c-scripting-core] Creating script environments for esx_society
[           resources] Started resource esx_society
[    c-scripting-core] Creating script environments for esx_loadingscreen
[           resources] Started resource esx_loadingscreen
[    c-scripting-core] Creating script environments for esx_context
[           resources] Started resource esx_context
[           resources] Started resource esx_menu_default
[           resources] Started resource esx_menu_dialog
[           resources] Started resource esx_menu_list
[    c-scripting-core] Creating script environments for esx_notify
[           resources] Started resource esx_notify
[    c-scripting-core] Creating script environments for esx_progressbar
[           resources] Started resource esx_progressbar
[    c-scripting-core] Creating script environments for esx_textui
[           resources] [0mStarted resource esx_textui
[  script:cd_easytime] [cd_easytime] - Saved settings applied.
[      script:oxmysql] [11.1.2-MariaDB] Database server connection established!
[ citizen-server-impl]         fff                          
[ citizen-server-impl]   cccc ff   xx  xx     rr rr    eee  
[ citizen-server-impl] cc     ffff   xx       rrr  r ee   e 
[ citizen-server-impl] cc     ff     xx   ... rr     eeeee  
[ citizen-server-impl]  ccccc ff   xx  xx ... rr      eeeee 
[ citizen-server-impl]                                      
[ citizen-server-impl] Authenticated with cfx.re Nucleus: https://wolfydev-ag3xd9.users.cfx.re/
[  script:es_extended] [INFO] ESX Legacy 1.10.2 initialized!
> txaEvent "serverShuttingDown" "{＂delay＂:5000,＂author＂:＂WolfyDev＂,＂message＂:＂Server restarting (requested by WolfyDev).＂}"
[      script:monitor] [txAdmin] Server shutdown imminent. Kicking all players.

================================================================
======== FXServer Starting - 31/10/2023, 07:33:28               
================================================================
[           resources] Scanning resources.
[           resources] Found 37 resources.
[          svadhesive] Authenticating server license key...
[          svadhesive] Server license key authentication succeeded. Welcome!
[    c-scripting-core] Creating script environments for sessionmanager
[           resources] Started resource sessionmanager
[    c-scripting-core] Creating script environments for monitor
[      script:monitor] [txAdmin] Resource v6.0.2 threads and commands set up. All Ready.
[           resources] Started resource monitor
[    c-scripting-core] Creating script environments for yarn
[           resources] Started resource yarn
[    c-scripting-core] [97mCreating script environments for webpack
[           resources] Started resource webpack
[    c-scripting-core] Creating script environments for chat
[           resources] Started resource chat
[           resources] Started resource spawnmanager
[    c-scripting-core] Creating script environments for hardcap
[           resources] Started resource hardcap
[    c-scripting-core] [97mCreating script environments for oxmysql
[           resources] Started resource oxmysql
[    c-scripting-core] Creating script environments for es_extended
[           resources] Started resource es_extended
[    c-scripting-core] Creating script environments for cron
[           resources] Started resource cron
[    c-scripting-core] Creating script environments for ox_lib
[           resources] Started resource ox_lib
[    c-scripting-core] Creating script environments for ox_target
[           resources] Started resource ox_target
[    c-scripting-core] Creating script environments for cd_easytime
[           resources] Started resource cd_easytime
[    c-scripting-core] Creating script environments for dolu_tool
[           resources] Started resource dolu_tool
[           resources] Started resource progressbar
[    c-scripting-core] Creating script environments for qs-inventory
[ script:qs-inventory] [WARNING]: Missing webhooks: robbery, admin, traphouse, glovebox, crafting, giveitem, trunk, swap, drop, garbage, stash, bought, sell. Please enable them in server/custom/webhook/*.lua.
[           resources] Started resource qs-inventory
[    c-scripting-core] Creating script environments for qs-shops
[           resources] [97mStarted resource qs-shops
[    c-scripting-core] Creating script environments for esx_addonaccount
[           resources] Started resource esx_addonaccount
[ citizen-server-impl] Couldn't find resource esx_addoninventory.
[    c-scripting-core] Creating script environments for esx_banking
[           resources] Started resource esx_banking
[    c-scripting-core] Creating script environments for esx_status
[           resources] [0mStarted resource esx_status
[    c-scripting-core] Creating script environments for esx_basicneeds
[           resources] Started resource esx_basicneeds
[    c-scripting-core] Creating script environments for esx_billing
[           resources] [0mStarted resource esx_billing
[    c-scripting-core] Creating script environments for esx_datastore
[           resources] Started resource esx_datastore
[    c-scripting-core] Creating script environments for esx_identity
[           resources] Started resource esx_identity
[    c-scripting-core] Creating script environments for esx_license
[           resources] Started resource esx_license
[    c-scripting-core] Creating script environments for esx_optionalneeds
[           resources] [0mStarted resource esx_optionalneeds
[           resources] Started resource skinchanger
[    c-scripting-core] Creating script environments for esx_skin
[           resources] Started resource esx_skin
[    c-scripting-core] Creating script environments for esx_society
[           resources] Started resource esx_society
[    c-scripting-core] Creating script environments for esx_loadingscreen
[           resources] Started resource esx_loadingscreen
[    c-scripting-core] Creating script environments for esx_context
[           resources] [0mStarted resource esx_context
[           resources] Started resource esx_menu_default
[           resources] Started resource esx_menu_dialog
[           resources] Started resource esx_menu_list
[    c-scripting-core] Creating script environments for esx_notify
[           resources] [0mStarted resource esx_notify
[    c-scripting-core] Creating script environments for esx_progressbar
[           resources] [0mStarted resource esx_progressbar
[    c-scripting-core] Creating script environments for esx_textui
[           resources] Started resource esx_textui
[  script:cd_easytime] [cd_easytime] - Saved settings applied.
[      script:oxmysql] [11.1.2-MariaDB] Database server connection established!
[  script:es_extended] [INFO] ESX Legacy 1.10.2 initialized!
[ citizen-server-impl]         fff                          
[ citizen-server-impl]   cccc ff   xx  xx     rr rr    eee  
[ citizen-server-impl] cc     ffff   xx       rrr  r ee   e 
[ citizen-server-impl] cc     ff     xx   ... rr     eeeee  
[ citizen-server-impl]  ccccc ff   xx  xx ... rr      eeeee 
[ citizen-server-impl]                                      
[ citizen-server-impl] Authenticated with cfx.re Nucleus: https://wolfydev-ag3xd9.users.cfx.re/
> txaEvent "serverShuttingDown" "{＂delay＂:5000,＂author＂:＂WolfyDev＂,＂message＂:＂Server restarting (requested by WolfyDev).＂}"
[      script:monitor] [txAdmin] Server shutdown imminent. Kicking all players.

================================================================
======== FXServer Starting - 31/10/2023, 07:33:49               
================================================================
[           resources] Scanning resources.
[           resources] Found 37 resources.
[          svadhesive] Authenticating server license key...
[          svadhesive] Server license key authentication succeeded. Welcome!
[    c-scripting-core] Creating script environments for sessionmanager
[           resources] Started resource sessionmanager
[    c-scripting-core] Creating script environments for monitor
[      script:monitor] [txAdmin] Resource v6.0.2 threads and commands set up. All Ready.
[           resources] Started resource monitor
[    c-scripting-core] Creating script environments for yarn
[           resources] Started resource yarn
[    c-scripting-core] Creating script environments for webpack
[           resources] Started resource webpack
[    c-scripting-core] Creating script environments for chat
[           resources] Started resource chat
[           resources] Started resource spawnmanager
[    c-scripting-core] Creating script environments for hardcap
[           resources] Started resource hardcap
[    c-scripting-core] Creating script environments for oxmysql
[           resources] Started resource oxmysql
[    c-scripting-core] Creating script environments for es_extended
[           resources] Started resource es_extended
[    c-scripting-core] Creating script environments for cron
[           resources] Started resource cron
[    c-scripting-core] Creating script environments for ox_lib
[           resources] Started resource ox_lib
[    c-scripting-core] Creating script environments for ox_target
[           resources] Started resource ox_target
[    c-scripting-core] Creating script environments for cd_easytime
[           resources] Started resource cd_easytime
[    c-scripting-core] Creating script environments for dolu_tool
[           resources] Started resource dolu_tool
[           resources] Started resource progressbar
[    c-scripting-core] Creating script environments for qs-inventory
[ script:qs-inventory] [WARNING]: Missing webhooks: drop, garbage, bought, swap, glovebox, traphouse, crafting, giveitem, robbery, trunk, sell, stash, admin. Please enable them in server/custom/webhook/*.lua.
[           resources] Started resource qs-inventory
[    c-scripting-core] Creating script environments for qs-shops
[           resources] Started resource qs-shops
[    c-scripting-core] Creating script environments for esx_addonaccount
[           resources] Started resource esx_addonaccount
[    c-scripting-core] Creating script environments for esx_banking
[           resources] [97mStarted resource esx_banking
[    c-scripting-core] Creating script environments for esx_status
[           resources] Started resource esx_status
[    c-scripting-core] [0mCreating script environments for esx_basicneeds
[           resources] [0mStarted resource esx_basicneeds
[    c-scripting-core] Creating script environments for esx_billing
[           resources] Started resource esx_billing
[    c-scripting-core] Creating script environments for esx_datastore
[           resources] [0mStarted resource esx_datastore
[    c-scripting-core] Creating script environments for esx_identity
[           resources] Started resource esx_identity
[    c-scripting-core] [97mCreating script environments for esx_license
[           resources] Started resource esx_license
[    c-scripting-core] Creating script environments for esx_optionalneeds
[           resources] Started resource esx_optionalneeds
[           resources] [97mStarted resource skinchanger
[    c-scripting-core] [0mCreating script environments for esx_skin
[           resources] [97mStarted resource esx_skin
[    c-scripting-core] Creating script environments for esx_society
[           resources] Started resource esx_society
[    c-scripting-core] Creating script environments for esx_loadingscreen
[           resources] Started resource esx_loadingscreen
[    c-scripting-core] Creating script environments for esx_context
[           resources] Started resource esx_context
[           resources] Started resource esx_menu_default
[           resources] Started resource esx_menu_dialog
[           resources] Started resource esx_menu_list
[    c-scripting-core] Creating script environments for esx_notify
[           resources] Started resource esx_notify
[    c-scripting-core] Creating script environments for esx_progressbar
[           resources] [0mStarted resource esx_progressbar
[    c-scripting-core] Creating script environments for esx_textui
[           resources] [0mStarted resource esx_textui
[  script:cd_easytime] [cd_easytime] - Saved settings applied.
[      script:oxmysql] [11.1.2-MariaDB] [32mDatabase server connection established!
[ citizen-server-impl]         fff                          
[ citizen-server-impl]   cccc ff   xx  xx     rr rr    eee  
[ citizen-server-impl] cc     ffff   xx       rrr  r ee   e 
[ citizen-server-impl] cc     ff     xx   ... rr     eeeee  
[ citizen-server-impl]  ccccc ff   xx  xx ... rr      eeeee 
[ citizen-server-impl]                                      
[ citizen-server-impl] Authenticated with cfx.re Nucleus: https://wolfydev-ag3xd9.users.cfx.re/
[  script:es_extended] [INFO] ESX Legacy 1.10.2 initialized!
> txaEvent "serverShuttingDown" "{＂delay＂:5000,＂author＂:＂WolfyDev＂,＂message＂:＂Server restarting (requested by WolfyDev).＂}"
[      script:monitor] [txAdmin] Server shutdown imminent. Kicking all players.

================================================================
======== FXServer Starting - 31/10/2023, 07:35:10               
================================================================
[           resources] Scanning resources.
[           resources] Found 37 resources.
[          svadhesive] Authenticating server license key...
[          svadhesive] Server license key authentication succeeded. Welcome!
[    c-scripting-core] Creating script environments for sessionmanager
[           resources] Started resource sessionmanager
[    c-scripting-core] [0mCreating script environments for monitor
[      script:monitor] [txAdmin] Resource v6.0.2 threads and commands set up. All Ready.
[           resources] Started resource monitor
[    c-scripting-core] Creating script environments for yarn
[           resources] Started resource yarn
[    c-scripting-core] Creating script environments for webpack
[           resources] Started resource webpack
[    c-scripting-core] Creating script environments for chat
[           resources] [0mStarted resource chat
[           resources] Started resource spawnmanager
[    c-scripting-core] Creating script environments for hardcap
[           resources] Started resource hardcap
[    c-scripting-core] Creating script environments for oxmysql
[           resources] Started resource oxmysql
[    c-scripting-core] Creating script environments for es_extended
[           resources] Started resource es_extended
[    c-scripting-core] Creating script environments for cron
[           resources] Started resource cron
[    c-scripting-core] Creating script environments for ox_lib
[           resources] Started resource ox_lib
[    c-scripting-core] Creating script environments for ox_target
[           resources] Started resource ox_target
[    c-scripting-core] [0mCreating script environments for cd_easytime
[           resources] Started resource cd_easytime
[    c-scripting-core] Creating script environments for dolu_tool
[           resources] Started resource dolu_tool
[           resources] Started resource progressbar
[    c-scripting-core] Creating script environments for qs-inventory
[           resources] Started resource qs-inventory
[    c-scripting-core] Creating script environments for qs-shops
[           resources] Started resource qs-shops
[    c-scripting-core] Creating script environments for esx_addonaccount
[           resources] Started resource esx_addonaccount
[    c-scripting-core] Creating script environments for esx_banking
[           resources] Started resource esx_banking
[    c-scripting-core] Creating script environments for esx_status
[           resources] [0mStarted resource esx_status
[    c-scripting-core] Creating script environments for esx_basicneeds
[           resources] Started resource esx_basicneeds
[    c-scripting-core] Creating script environments for esx_billing
[           resources] [97mStarted resource esx_billing
[    c-scripting-core] Creating script environments for esx_datastore
[           resources] [97mStarted resource esx_datastore
[    c-scripting-core] Creating script environments for esx_identity
[           resources] Started resource esx_identity
[    c-scripting-core] Creating script environments for esx_license
[           resources] Started resource esx_license
[    c-scripting-core] Creating script environments for esx_optionalneeds
[           resources] Started resource esx_optionalneeds
[           resources] Started resource skinchanger
[    c-scripting-core] Creating script environments for esx_skin
[           resources] [0mStarted resource esx_skin
[    c-scripting-core] Creating script environments for esx_society
[           resources] Started resource esx_society
[    c-scripting-core] Creating script environments for esx_loadingscreen
[           resources] Started resource esx_loadingscreen
[    c-scripting-core] Creating script environments for esx_context
[           resources] Started resource esx_context
[           resources] Started resource esx_menu_default
[           resources] Started resource esx_menu_dialog
[           resources] Started resource esx_menu_list
[    c-scripting-core] Creating script environments for esx_notify
[           resources] Started resource esx_notify
[    c-scripting-core] Creating script environments for esx_progressbar
[           resources] Started resource esx_progressbar
[    c-scripting-core] Creating script environments for esx_textui
[           resources] Started resource esx_textui
[  script:cd_easytime] [cd_easytime] - Saved settings applied.
[      script:oxmysql] [11.1.2-MariaDB] Database server connection established!
[ citizen-server-impl]         fff                          
[ citizen-server-impl]   cccc ff   xx  xx     rr rr    eee  
[38;5;73m[ citizen-server-impl] cc     ffff   xx       rrr  r ee   e 
[ citizen-server-impl] cc     ff     xx   ... rr     eeeee  
[ citizen-server-impl]  ccccc ff   xx  xx ... rr      eeeee 
[ citizen-server-impl]                                      
[ citizen-server-impl] Authenticated with cfx.re Nucleus: https://wolfydev-ag3xd9.users.cfx.re/
[  script:es_extended] [INFO] ESX Legacy 1.10.2 initialized!
[      script:hardcap] Connecting: Wolfy Dev
[ citizen-server-impl] Server list query returned an error: System.Threading.Tasks.TaskCanceledException: A task was canceled. <- System.TimeoutException: A task was canceled. <- System.Threading.Tasks.TaskCanceledException: The request was canceled due to the configured HttpClient.Timeout of 30 seconds elapsing.
[ citizen-server-impl] server thread hitch warning: timer interval of 171 milliseconds
[  script:es_extended] [INFO] Player "White Wolf" has connected to the server. ID: 1
[  script:esx_banking] SCRIPT ERROR: @esx_banking/server/main.lua:156: attempt to call a nil value (local 'cb')
[  script:esx_banking] > rawQuery (@oxmysql/dist/build.js:25047)
[  script:esx_banking] > processTicksAndRejections (node:internal/process/task_queues:96)
[  script:esx_banking] 
[ citizen-server-impl] Server list query returned an error: System.Threading.Tasks.TaskCanceledException: A task was canceled. <- System.TimeoutException: A task was canceled. <- System.Threading.Tasks.TaskCanceledException: The request was canceled due to the configured HttpClient.Timeout of 30 seconds elapsing.
[ citizen-server-impl] Server list query returned an error: System.Threading.Tasks.TaskCanceledException: A task was canceled. <- System.TimeoutException: A task was canceled. <- System.Threading.Tasks.TaskCanceledException: The request was canceled due to the configured HttpClient.Timeout of 30 seconds elapsing.
[ citizen-server-impl] Server list query returned an error: System.Threading.Tasks.TaskCanceledException: A task was canceled. <- System.TimeoutException: A task was canceled. <- System.Threading.Tasks.TaskCanceledException: The request was canceled due to the configured HttpClient.Timeout of 30 seconds elapsing.
[  script:es_extended] [INFO] Saved 1 player over 0.0 ms
[  script:cd_easytime] [cd_easytime] - Weather changed to CLEAR
[ citizen-server-impl] Server list query returned an error: System.Threading.Tasks.TaskCanceledException: A task was canceled. <- System.TimeoutException: A task was canceled. <- System.Threading.Tasks.TaskCanceledException: The request was canceled due to the configured HttpClient.Timeout of 30 seconds elapsing.
[  script:esx_banking] SCRIPT ERROR: @esx_banking/server/main.lua:156: attempt to call a nil value (local 'cb')
[  script:esx_banking] > rawQuery (@oxmysql/dist/build.js:25047)
[  script:esx_banking] > processTicksAndRejections (node:internal/process/task_queues:96)
[  script:esx_banking] 
[  script:esx_banking] SCRIPT ERROR: @esx_banking/server/main.lua:156: attempt to call a nil value (local 'cb')
[  script:esx_banking] > rawQuery (@oxmysql/dist/build.js:25047)
[  script:esx_banking] > processTicksAndRejections (node:internal/process/task_queues:96)
[  script:esx_banking] 
[  script:esx_banking] SCRIPT ERROR: @esx_banking/server/main.lua:156: attempt to call a nil value (local 'cb')
[  script:esx_banking] > rawQuery (@oxmysql/dist/build.js:25047)
[  script:esx_banking] > processTicksAndRejections (node:internal/process/task_queues:96)
[  script:esx_banking] 
[ citizen-server-impl] Server list query returned an error: System.Threading.Tasks.TaskCanceledException: A task was canceled. <- System.TimeoutException: A task was canceled. <- System.Threading.Tasks.TaskCanceledException: The request was canceled due to the configured HttpClient.Timeout of 30 seconds elapsing.
[ citizen-server-impl] Server list query returned an error: System.Threading.Tasks.TaskCanceledException: A task was canceled. <- System.TimeoutException: A task was canceled. <- System.Threading.Tasks.TaskCanceledException: The request was canceled due to the configured HttpClient.Timeout of 30 seconds elapsing.
[  script:es_extended] [INFO] Saved 1 player over 0.0 ms
[  script:cd_easytime] [cd_easytime] - Weather changed to OVERCAST
[ citizen-server-impl] Server list query returned an error: System.Threading.Tasks.TaskCanceledException: A task was canceled. <- System.TimeoutException: A task was canceled. <- System.Threading.Tasks.TaskCanceledException: The request was canceled due to the configured HttpClient.Timeout of 30 seconds elapsing.
