
================================================================
======== txAdmin Starting - 31/10/2023, 07:32:37                
================================================================

================================================================
======== Log Rotated - 31/10/2023, 07:32:37                     
================================================================
[07:32:55] txAdmin: Logger started
[07:33:30] txAdmin: Logger started
[07:33:51] txAdmin: Logger started
[07:35:12] txAdmin: Logger started
[07:35:16] [RY6XJ#1] Wolfy Dev: joined with identifiers [license:525fa2ba075115294b0606735621fca0282600d0; xbl:2535450397870124; live:844425512482730; discord:1134859419520352256; fivem:6862164; license2:719ea9efd4a6e5f19a4005effb58b60b1e6b0aaa]
[07:36:07] [RY6XJ#1] Wolfy Dev: enabled noclip
[07:36:17] [RY6XJ#1] Wolfy Dev: became mortal (standard mode)
[08:00:13] [RY6XJ#1] Wolfy Dev: disconnected (Exiting)

================================================================
======== txAdmin Starting - 31/10/2023, 09:41:15                
================================================================
[09:41:21] txAdmin: Logger started
[09:41:35] [Q8mTJ#1] Wolfy Dev: joined with identifiers [license:525fa2ba075115294b0606735621fca0282600d0; xbl:2535450397870124; live:844425512482730; discord:1134859419520352256; fivem:6862164; license2:719ea9efd4a6e5f19a4005effb58b60b1e6b0aaa]
[09:45:28] [Q8mTJ#1] Wolfy Dev: disconnected (Exiting)
[09:45:47] txAdmin: Logger started
[09:46:12] [jGHjp#1] Wolfy Dev: joined with identifiers [license:525fa2ba075115294b0606735621fca0282600d0; xbl:2535450397870124; live:844425512482730; discord:1012804832777744434; fivem:6862164; license2:719ea9efd4a6e5f19a4005effb58b60b1e6b0aaa]
[09:49:38] [jGHjp#1] Wolfy Dev: enabled noclip
[09:49:38] [jGHjp#1] Wolfy Dev: became mortal (standard mode)
[10:10:41] [jGHjp#1] Wolfy Dev: disconnected (Exiting)
[10:10:54] txAdmin: Logger started
[10:12:33] [GrJCc#1] Wolfy Dev: joined with identifiers [license:525fa2ba075115294b0606735621fca0282600d0; xbl:2535450397870124; live:844425512482730; discord:1012804832777744434; fivem:6862164; license2:719ea9efd4a6e5f19a4005effb58b60b1e6b0aaa]
[11:12:17] [GrJCc#1] Wolfy Dev: disconnected (Exiting)
[11:25:44] [GrJCc#2] Wolfy: joined with identifiers [license:525fa2ba075115294b0606735621fca0282600d0; xbl:2535450397870124; live:844425512482730; discord:1012804832777744434; fivem:6862164; license2:719ea9efd4a6e5f19a4005effb58b60b1e6b0aaa]
[11:25:49] [GrJCc#2] Wolfy: disconnected (Exiting)
[11:26:02] txAdmin: Logger started
[11:26:12] [xyTWa#1] Wolfy Dev: joined with identifiers [license:525fa2ba075115294b0606735621fca0282600d0; xbl:2535450397870124; live:844425512482730; discord:1012804832777744434; fivem:6862164; license2:719ea9efd4a6e5f19a4005effb58b60b1e6b0aaa]
[11:26:37] [xyTWa#2] Wolfy: joined with identifiers [license:525fa2ba075115294b0606735621fca0282600d0; xbl:2535450397870124; live:844425512482730; discord:1012804832777744434; fivem:6862164; license2:719ea9efd4a6e5f19a4005effb58b60b1e6b0aaa]
[11:26:45] [xyTWa#1] Wolfy Dev: enabled noclip
[11:26:51] [xyTWa#1] Wolfy Dev: became mortal (standard mode)
[11:27:32] [xyTWa#2] Wolfy: disconnected (there was an error loading your character!	Error code: identifier-active-ingame		This error is caused by a player on this server who has the same identifier as you have. Make sure you are not playing on the same Rockstar account.		Your Rockstar identifier: 525fa2ba075115294b0606735621fca0282600d0)
[12:56:11] [xyTWa#1] Wolfy Dev: died from suicide (Falling)
[14:51:24] [xyTWa#1] Wolfy Dev: disconnected (Exiting)
[14:51:54] txAdmin: Logger started
[14:51:56] [iDqPq#1] Wolfy Dev: joined with identifiers [license:525fa2ba075115294b0606735621fca0282600d0; xbl:2535450397870124; live:844425512482730; discord:1012804832777744434; fivem:6862164; license2:719ea9efd4a6e5f19a4005effb58b60b1e6b0aaa]
[14:52:18] [iDqPq#1] Wolfy Dev: died from suicide (Falling)
[14:53:46] [iDqPq#1] Wolfy Dev: said "t"
[15:04:00] [iDqPq#1] Wolfy Dev: disconnected (Exiting)
[15:14:17] txAdmin: Logger started
[15:14:28] [RJxJ8#1] Wolfy Dev: joined with identifiers [license:525fa2ba075115294b0606735621fca0282600d0; xbl:2535450397870124; live:844425512482730; discord:1012804832777744434; fivem:6862164; license2:719ea9efd4a6e5f19a4005effb58b60b1e6b0aaa]
[15:16:34] [RJxJ8#1] Wolfy Dev: disconnected (Exiting)
[15:16:46] txAdmin: Logger started
[15:16:49] [R4Tfw#1] Wolfy Dev: joined with identifiers [license:525fa2ba075115294b0606735621fca0282600d0; xbl:2535450397870124; live:844425512482730; discord:1012804832777744434; fivem:6862164; license2:719ea9efd4a6e5f19a4005effb58b60b1e6b0aaa]
[15:20:11] [R4Tfw#1] Wolfy Dev: enabled noclip
[15:20:13] [R4Tfw#1] Wolfy Dev: became mortal (standard mode)
[15:29:49] [R4Tfw#1] Wolfy Dev: disconnected (Exiting)

================================================================
======== txAdmin Starting - 31/10/2023, 19:19:22                
================================================================
[19:19:37] txAdmin: Logger started
[19:20:36] [z4nnQ#1] Wolfy Dev: joined with identifiers [license:525fa2ba075115294b0606735621fca0282600d0; xbl:2535450397870124; live:844425512482730; discord:1134859419520352256; fivem:6862164; license2:719ea9efd4a6e5f19a4005effb58b60b1e6b0aaa]
[19:21:06] [z4nnQ#1] Wolfy Dev: enabled noclip
[19:21:12] [z4nnQ#1] Wolfy Dev: became mortal (standard mode)
[19:29:23] [z4nnQ#1] Wolfy Dev: disconnected (Exiting)
[19:29:35] txAdmin: Logger started
[19:29:49] [XBNfm#1] Wolfy Dev: joined with identifiers [license:525fa2ba075115294b0606735621fca0282600d0; xbl:2535450397870124; live:844425512482730; discord:1134859419520352256; fivem:6862164; license2:719ea9efd4a6e5f19a4005effb58b60b1e6b0aaa]
[19:32:45] [XBNfm#1] Wolfy Dev: disconnected (Exiting)
[19:32:59] txAdmin: Logger started
[19:34:02] [hVWUb#1] Wolfy Dev: joined with identifiers [license:525fa2ba075115294b0606735621fca0282600d0; xbl:2535450397870124; live:844425512482730; discord:1134859419520352256; fivem:6862164; license2:719ea9efd4a6e5f19a4005effb58b60b1e6b0aaa]
[19:40:01] [hVWUb#1] Wolfy Dev: enabled noclip
[19:40:07] [hVWUb#1] Wolfy Dev: became mortal (standard mode)
[19:40:58] [hVWUb#1] Wolfy Dev: caused an explosion (PLANE)
[19:40:58] [hVWUb#1] Wolfy Dev: caused an explosion (PLANE)
[19:40:58] [hVWUb#1] Wolfy Dev: died from suicide (Explosion)
[19:41:06] [hVWUb#1] Wolfy Dev: disconnected (Exiting)
[19:44:07] txAdmin: Logger started
[19:44:09] [bLrq6#1] Wolfy Dev: joined with identifiers [license:525fa2ba075115294b0606735621fca0282600d0; xbl:2535450397870124; live:844425512482730; discord:1134859419520352256; fivem:6862164; license2:719ea9efd4a6e5f19a4005effb58b60b1e6b0aaa]
[19:44:37] [bLrq6#1] Wolfy Dev: died from suicide (Falling)
[19:44:52] [bLrq6#1] Wolfy Dev: enabled noclip
[19:44:52] [bLrq6#1] Wolfy Dev: became mortal (standard mode)
[19:44:57] [bLrq6#1] Wolfy Dev: died from suicide (Falling)
[19:45:58] [bLrq6#1] Wolfy Dev: caused an explosion (PLANE)
[19:45:58] [bLrq6#1] Wolfy Dev: caused an explosion (PLANE)
[19:45:58] [bLrq6#1] Wolfy Dev: died from suicide (Explosion)
[19:46:24] [bLrq6#1] Wolfy Dev: enabled noclip
[19:46:25] [bLrq6#1] Wolfy Dev: became mortal (standard mode)
[19:46:59] [bLrq6#1] Wolfy Dev: died from suicide (Fire)
[19:47:14] [bLrq6#1] Wolfy Dev: died from suicide (Fire)
[20:01:19] [bLrq6#1] Wolfy Dev: disconnected (Exiting)
[20:01:32] txAdmin: Logger started
[20:01:44] [FE6cd#1] Wolfy Dev: joined with identifiers [license:525fa2ba075115294b0606735621fca0282600d0; xbl:2535450397870124; live:844425512482730; discord:1134859419520352256; fivem:6862164; license2:719ea9efd4a6e5f19a4005effb58b60b1e6b0aaa]
[20:02:20] [FE6cd#1] Wolfy Dev: enabled noclip
[20:02:42] [FE6cd#1] Wolfy Dev: became mortal (standard mode)
[21:01:08] [FE6cd#1] Wolfy Dev: repaired their vehicle
[21:01:27] [FE6cd#1] Wolfy Dev: repaired their vehicle
[21:05:22] [FE6cd#1] Wolfy Dev: repaired their vehicle
[21:06:52] [FE6cd#1] Wolfy Dev: repaired their vehicle
[21:07:20] [FE6cd#1] Wolfy Dev: repaired their vehicle
[21:10:59] [FE6cd#1] Wolfy Dev: caused an explosion (UNKNOWN)
[21:11:00] [FE6cd#1] Wolfy Dev: caused an explosion (UNKNOWN)
[21:11:33] [FE6cd#1] Wolfy Dev: enabled noclip
[21:11:33] [FE6cd#1] Wolfy Dev: became mortal (standard mode)
[21:12:06] [FE6cd#1] Wolfy Dev: enabled noclip
[21:12:07] [FE6cd#1] Wolfy Dev: became mortal (standard mode)
[21:12:08] [FE6cd#1] Wolfy Dev: enabled noclip
[21:12:08] [FE6cd#1] Wolfy Dev: became mortal (standard mode)
[21:13:05] [FE6cd#1] Wolfy Dev: enabled noclip
[21:13:05] [FE6cd#1] Wolfy Dev: became mortal (standard mode)
[21:13:06] [FE6cd#1] Wolfy Dev: enabled noclip
[21:13:07] [FE6cd#1] Wolfy Dev: became mortal (standard mode)
[21:13:49] [FE6cd#1] Wolfy Dev: enabled noclip
[21:13:49] [FE6cd#1] Wolfy Dev: became mortal (standard mode)
[21:14:29] [FE6cd#1] Wolfy Dev: enabled noclip
[21:14:30] [FE6cd#1] Wolfy Dev: became mortal (standard mode)
[21:14:44] [FE6cd#1] Wolfy Dev: enabled noclip
[21:14:45] [FE6cd#1] Wolfy Dev: became mortal (standard mode)
[21:15:18] [FE6cd#1] Wolfy Dev: enabled noclip
[21:15:18] [FE6cd#1] Wolfy Dev: became mortal (standard mode)
[21:15:19] [FE6cd#1] Wolfy Dev: enabled noclip
[21:15:21] [FE6cd#1] Wolfy Dev: became mortal (standard mode)
[21:19:39] [FE6cd#1] Wolfy Dev: caused an explosion (PLANE)
[21:19:39] [FE6cd#1] Wolfy Dev: died from suicide (Explosion)
[21:28:37] [FE6cd#1] Wolfy Dev: caused an explosion (PLANE)
[21:28:37] [FE6cd#1] Wolfy Dev: caused an explosion (PLANE)
[21:28:37] [FE6cd#1] Wolfy Dev: died from suicide (Explosion)
[21:28:55] [FE6cd#1] Wolfy Dev: enabled noclip
[21:29:16] [FE6cd#1] Wolfy Dev: became mortal (standard mode)
[21:30:35] [FE6cd#1] Wolfy Dev: enabled noclip
[21:30:35] [FE6cd#1] Wolfy Dev: became mortal (standard mode)
[21:31:54] [FE6cd#1] Wolfy Dev: died from suicide
[21:35:00] [FE6cd#1] Wolfy Dev: enabled noclip
[21:35:02] [FE6cd#1] Wolfy Dev: became mortal (standard mode)
[21:35:45] [FE6cd#1] Wolfy Dev: enabled noclip
[21:35:45] [FE6cd#1] Wolfy Dev: became mortal (standard mode)
[21:37:03] [FE6cd#1] Wolfy Dev: enabled noclip
[21:37:03] [FE6cd#1] Wolfy Dev: became mortal (standard mode)
[21:38:16] [FE6cd#1] Wolfy Dev: enabled noclip
[21:38:17] [FE6cd#1] Wolfy Dev: became mortal (standard mode)
[21:40:45] [FE6cd#1] Wolfy Dev: enabled noclip
[21:40:47] [FE6cd#1] Wolfy Dev: became mortal (standard mode)
[21:43:40] [FE6cd#1] Wolfy Dev: enabled noclip
[21:43:42] [FE6cd#1] Wolfy Dev: became mortal (standard mode)
[21:44:37] [FE6cd#1] Wolfy Dev: died from suicide
[22:12:16] [FE6cd#1] Wolfy Dev: disconnected (Exiting)
[22:17:32] txAdmin: Logger started
[22:18:04] txAdmin: Logger started
[22:18:17] [a9ft3#1] Wolfy Dev: joined with identifiers [license:525fa2ba075115294b0606735621fca0282600d0; xbl:2535450397870124; live:844425512482730; discord:1088163855819092119; fivem:6862164; license2:719ea9efd4a6e5f19a4005effb58b60b1e6b0aaa]
[22:19:03] [a9ft3#1] Wolfy Dev: enabled noclip
[22:19:40] [a9ft3#1] Wolfy Dev: became mortal (standard mode)
[22:19:40] [a9ft3#1] Wolfy Dev: enabled noclip
[22:19:42] [a9ft3#1] Wolfy Dev: became mortal (standard mode)
[22:19:43] [a9ft3#1] Wolfy Dev: enabled noclip
[22:19:44] [a9ft3#1] Wolfy Dev: became mortal (standard mode)
[22:19:45] [a9ft3#1] Wolfy Dev: enabled noclip
[22:19:47] [a9ft3#1] Wolfy Dev: became mortal (standard mode)
[22:19:48] [a9ft3#1] Wolfy Dev: enabled noclip
[22:19:48] [a9ft3#1] Wolfy Dev: became mortal (standard mode)
[22:19:49] [a9ft3#1] Wolfy Dev: enabled noclip
[22:19:50] [a9ft3#1] Wolfy Dev: became mortal (standard mode)
[22:22:17] [a9ft3#1] Wolfy Dev: disconnected (Exiting)
